=====================================
[Aircraft ID:1] [Time:1.00191s]
[MyPos: (1879.85, -45.3135, 7075.34)]
[EnemyPos: (5081.45, -17.1363, 7024.15)]
[Distance: 3202.13m]
[AspectAngle: 0.723508¡Æ]
[AngleOff: 176.078¡Æ]
[LOS: 3.26997¡Æ]
[BFM Mode: OBFM]
[MySpeed: 298.118m/s]
[TargetSpeed: 308.355m/s]
[VP: (5872.3, -216.525, 6657)]
[Throttle: 0.9]
=====================================

=====================================
[Aircraft ID:1] [Time:2.00382s]
[MyPos: (2775.5, -88.2502, 7016.3)]
[EnemyPos: (4146.89, -2.37684, 7002.47)]
[Distance: 1374.14m]
[AspectAngle: 5.4863¡Æ]
[AngleOff: 171.673¡Æ]
[LOS: 5.13254¡Æ]
[BFM Mode: OBFM]
[MySpeed: 305.166m/s]
[TargetSpeed: 317.152m/s]
[VP: (5242.73, -24.6055, 7054.16)]
[Throttle: 1]
=====================================

=====================================
[Aircraft ID:1] [Time:3.00573s]
[MyPos: (3696.53, -35.9211, 6947)]
[EnemyPos: (3190.77, -23.8452, 6936.29)]
[Distance: 506.017m]
[AspectAngle: 179.824¡Æ]
[AngleOff: 171.277¡Æ]
[LOS: 164.003¡Æ]
[BFM Mode: SCISSORS]
[MySpeed: 312.985m/s]
[TargetSpeed: 325.28m/s]
[VP: (3702.05, -9.71331, 6947)]
[Throttle: 0.8]
=====================================

=====================================
[Aircraft ID:1] [Time:4.00764s]
[MyPos: (4559.62, 282.079, 6888.77)]
[EnemyPos: (2261.71, -259.997, 6910.36)]
[Distance: 2361.08m]
[AspectAngle: 176.172¡Æ]
[AngleOff: 171.621¡Æ]
[LOS: 153.34¡Æ]
[BFM Mode: SCISSORS]
[MySpeed: 307.121m/s]
[TargetSpeed: 319.364m/s]
[VP: (4813.93, 569.195, 6888.77)]
[Throttle: 0.6]
=====================================

=====================================
[Aircraft ID:1] [Time:5.00955s]
[MyPos: (5182.94, 932.837, 6784.3)]
[EnemyPos: (1525.9, -840.983, 6828.34)]
[Distance: 4064.76m]
[AspectAngle: 179.338¡Æ]
[AngleOff: 161.081¡Æ]
[LOS: 137.355¡Æ]
[BFM Mode: HABFM]
[MySpeed: 305.372m/s]
[TargetSpeed: 315.557m/s]
[VP: (1667.51, -1074.3, 6784.3)]
[Throttle: 0.85]
=====================================

=====================================
[Aircraft ID:1] [Time:6.01146s]
[MyPos: (5434.97, 1767.42, 6518.95)]
[EnemyPos: (1131.78, -1660.81, 6594.39)]
[Distance: 5502.35m]
[AspectAngle: 171.927¡Æ]
[AngleOff: 130.411¡Æ]
[LOS: 120.017¡Æ]
[BFM Mode: HABFM]
[MySpeed: 309.333m/s]
[TargetSpeed: 317.615m/s]
[VP: (1772.69, -2139.99, 6518.95)]
[Throttle: 0.85]
=====================================

=====================================
[Aircraft ID:1] [Time:7.01337s]
[MyPos: (5284.01, 2533.57, 6007.14)]
[EnemyPos: (1139.39, -2477.94, 6100.83)]
[Distance: 6503.99m]
[AspectAngle: 168.104¡Æ]
[AngleOff: 100.831¡Æ]
[LOS: 100.767¡Æ]
[BFM Mode: HABFM]
[MySpeed: 319.673m/s]
[TargetSpeed: 326.206m/s]
[VP: (188.396, -854.243, 5707.14)]
[Throttle: 0.85]
=====================================

=====================================
[Aircraft ID:1] [Time:8.01528s]
[MyPos: (4759.64, 3009.9, 5349.74)]
[EnemyPos: (1555.5, -3048.2, 5418.05)]
[Distance: 6853.59m]
[AspectAngle: 48.9411¡Æ]
[AngleOff: 96.5585¡Æ]
[LOS: 78.7573¡Æ]
[BFM Mode: HABFM]
[MySpeed: 331.659m/s]
[TargetSpeed: 337.576m/s]
[VP: (-100.128, -2259.8, 5049.74)]
[Throttle: 0.85]
=====================================

=====================================
[Aircraft ID:1] [Time:9.0172s]
[MyPos: (4004.8, 3007.21, 4701.13)]
[EnemyPos: (2263.4, -3150.17, 4705.56)]
[Distance: 6398.9m]
[AspectAngle: 9.49983¡Æ]
[AngleOff: 114.043¡Æ]
[LOS: 55.133¡Æ]
[BFM Mode: HABFM]
[MySpeed: 340.096m/s]
[TargetSpeed: 346.321m/s]
[VP: (386.544, -3495.87, 4401.13)]
[Throttle: 0.85]
=====================================

=====================================
[Aircraft ID:1] [Time:10.0191s]
[MyPos: (3303.68, 2462.46, 4218.66)]
[EnemyPos: (2980.6, -2679.21, 4142.88)]
[Distance: 5152.36m]
[AspectAngle: 4.57453¡Æ]
[AngleOff: 145.369¡Æ]
[LOS: 30.8184¡Æ]
[BFM Mode: HABFM]
[MySpeed: 341.845m/s]
[TargetSpeed: 348.533m/s]
[VP: (2236.88, -2559.21, 4218.66)]
[Throttle: 0.85]
=====================================

=====================================
[Aircraft ID:1] [Time:11.021s]
[MyPos: (2909.55, 1575.55, 3887.17)]
[EnemyPos: (3409.82, -1807.06, 3760.89)]
[Distance: 3421.73m]
[AspectAngle: 2.32035¡Æ]
[AngleOff: 158.354¡Æ]
[LOS: 15.7857¡Æ]
[BFM Mode: OBFM]
[MySpeed: 344.52m/s]
[TargetSpeed: 352.443m/s]
[VP: (3596.55, -2565.96, 4195.86)]
[Throttle: 0.9]
=====================================

=====================================
[Aircraft ID:1] [Time:12.0229s]
[MyPos: (2968.33, 566.534, 3745.82)]
[EnemyPos: (3380.22, -780.604, 3646.22)]
[Distance: 1412.21m]
[AspectAngle: 0.0355026¡Æ]
[AngleOff: 178.947¡Æ]
[LOS: 1.1741¡Æ]
[BFM Mode: OBFM]
[MySpeed: 343.029m/s]
[TargetSpeed: 345.138m/s]
[VP: (3681.35, -1833.78, 3581.66)]
[Throttle: 1]
=====================================

=====================================
[Aircraft ID:1] [Time:13.0248s]
[MyPos: (3311.71, -408.933, 3630.73)]
[EnemyPos: (3029.65, 201.572, 3682.34)]
[Distance: 674.491m]
[AspectAngle: 179.433¡Æ]
[AngleOff: 175.216¡Æ]
[LOS: 174.526¡Æ]
[BFM Mode: SCISSORS]
[MySpeed: 346.733m/s]
[TargetSpeed: 350.9m/s]
[VP: (2969.25, -521.299, 3630.73)]
[Throttle: 0.8]
=====================================

=====================================
[Aircraft ID:1] [Time:14.0267s]
[MyPos: (3592.5, -1409.89, 3600.95)]
[EnemyPos: (2597.05, 1159.6, 3609.88)]
[Distance: 2755.59m]
[AspectAngle: 177.707¡Æ]
[AngleOff: 163.312¡Æ]
[LOS: 169.884¡Æ]
[BFM Mode: HABFM]
[MySpeed: 348.224m/s]
[TargetSpeed: 353.626m/s]
[VP: (3268.89, -2251.25, 3600.95)]
[Throttle: 0.8]
=====================================

=====================================
[Aircraft ID:1] [Time:15.0287s]
[MyPos: (3524.84, -2432.32, 3555.69)]
[EnemyPos: (2008.41, 1931.11, 3230.89)]
[Distance: 4630.84m]
[AspectAngle: 179.809¡Æ]
[AngleOff: 86.7711¡Æ]
[LOS: 132.041¡Æ]
[BFM Mode: HABFM]
[MySpeed: 342.103m/s]
[TargetSpeed: 353.523m/s]
[VP: (1817.2, 1938.32, 3555.69)]
[Throttle: 0.85]
=====================================

=====================================
[Aircraft ID:1] [Time:16.0306s]
[MyPos: (2901.1, -3195.79, 3373.09)]
[EnemyPos: (1309.81, 2089.44, 2469.94)]
[Distance: 5592.99m]
[AspectAngle: 92.0439¡Æ]
[AngleOff: 41.0645¡Æ]
[LOS: 96.0904¡Æ]
[BFM Mode: HABFM]
[MySpeed: 338.707m/s]
[TargetSpeed: 359.696m/s]
[VP: (938.102, 2105.74, 3373.09)]
[Throttle: 0.85]
=====================================

=====================================
[Aircraft ID:1] [Time:17.0325s]
[MyPos: (1982.19, -3411.82, 3051.44)]
[EnemyPos: (971.513, 1570.18, 1605.21)]
[Distance: 5285.2m]
[AspectAngle: 34.4718¡Æ]
[AngleOff: 88.3792¡Æ]
[LOS: 62.2787¡Æ]
[BFM Mode: HABFM]
[MySpeed: 339.376m/s]
[TargetSpeed: 364.944m/s]
[VP: (547.308, 1579.29, 3051.44)]
[Throttle: 0.85]
=====================================

=====================================
[Aircraft ID:1] [Time:18.0344s]
[MyPos: (1137.7, -3041.49, 2632.91)]
[EnemyPos: (1034.52, 605.445, 1128.65)]
[Distance: 3946.33m]
[AspectAngle: 25.0104¡Æ]
[AngleOff: 115.893¡Æ]
[LOS: 45.6364¡Æ]
[BFM Mode: HABFM]
[MySpeed: 346.578m/s]
[TargetSpeed: 364.892m/s]
[VP: (1092.72, -2228.76, 3514.64)]
[Throttle: 0.8]
=====================================

=====================================
[Aircraft ID:1] [Time:19.0363s]
[MyPos: (657.738, -2331.69, 2051.91)]
[EnemyPos: (997.731, -470.655, 1120.84)]
[Distance: 2108.54m]
[AspectAngle: 3.31434¡Æ]
[AngleOff: 171.027¡Æ]
[LOS: 13.3753¡Æ]
[BFM Mode: OBFM]
[MySpeed: 353.06m/s]
[TargetSpeed: 354.809m/s]
[VP: (1027.97, -87.6613, 946.95)]
[Throttle: 0.85]
=====================================

=====================================
[Aircraft ID:1] [Time:20.0382s]
[MyPos: (793.482, -1412.58, 1539.57)]
[EnemyPos: (787.561, -1416.6, 1537.01)]
[Distance: 7.60274m]
[AspectAngle: 121.591¡Æ]
[AngleOff: 179.028¡Æ]
[LOS: 120.779¡Æ]
[BFM Mode: SCISSORS]
[MySpeed: 361.651m/s]
[TargetSpeed: 349.613m/s]
[VP: (792.288, -1414.36, 1539.57)]
[Throttle: 0.8]
=====================================

=====================================
[Aircraft ID:1] [Time:21.0401s]
[MyPos: (1313.62, -658.503, 965.687)]
[EnemyPos: (571.472, -2272.65, 2061.19)]
[Distance: 2087.19m]
[AspectAngle: 178.445¡Æ]
[AngleOff: 122.566¡Æ]
[LOS: 147.499¡Æ]
[BFM Mode: SCISSORS]
[MySpeed: 364.995m/s]
[TargetSpeed: 333.923m/s]
[VP: (1527.33, -781.236, 965.687)]
[Throttle: 0.6]
=====================================

=====================================
[Aircraft ID:1] [Time:22.042s]
[MyPos: (2250.71, -259.997, 611.247)]
[EnemyPos: (799.825, -3140.78, 2410.23)]
[Distance: 3693.28m]
[AspectAngle: 178.749¡Æ]
[AngleOff: 77.7629¡Æ]
[LOS: 127.434¡Æ]
[BFM Mode: DBFM]
[MySpeed: 362.68m/s]
[TargetSpeed: 319.364m/s]
[VP: (2288.17, -486.535, 611.247)]
[Throttle: 0.7]
=====================================

=====================================
[Aircraft ID:1] [Time:23.0439s]
[MyPos: (3314.67, -21.1616, 555.065)]
[EnemyPos: (1415.11, -3829.11, 2542.64)]
[Distance: 4696.73m]
[AspectAngle: 82.3909¡Æ]
[AngleOff: 34.1474¡Æ]
[LOS: 124.284¡Æ]
[BFM Mode: HABFM]
[MySpeed: 365.407m/s]
[TargetSpeed: 311.751m/s]
[VP: (5458.53, 466.834, 600)]
[Throttle: 1]
=====================================

=====================================
[Aircraft ID:1] [Time:24.0459s]
[MyPos: (4385.82, 216.332, 643.84)]
[EnemyPos: (2306.11, -3937.79, 2537.28)]
[Distance: 5016.67m]
[AspectAngle: 22.0768¡Æ]
[AngleOff: 12.4761¡Æ]
[LOS: 123.891¡Æ]
[BFM Mode: HABFM]
[MySpeed: 371.22m/s]
[TargetSpeed: 304.291m/s]
[VP: (6574.84, 702.933, 600)]
[Throttle: 1]
=====================================

=====================================
[Aircraft ID:1] [Time:25.0478s]
[MyPos: (5475.15, 460.534, 740.499)]
[EnemyPos: (3014.01, -3411.82, 2455.1)]
[Distance: 4898.18m]
[AspectAngle: 8.14805¡Æ]
[AngleOff: 38.0448¡Æ]
[LOS: 129.356¡Æ]
[BFM Mode: HABFM]
[MySpeed: 377.136m/s]
[TargetSpeed: 301.41m/s]
[VP: (7699.77, 954.613, 609.137)]
[Throttle: 1]
=====================================

=====================================
[Aircraft ID:1] [Time:26.0497s]
[MyPos: (6579.28, 707.42, 847.148)]
[EnemyPos: (3619.14, -2700.68, 2436.98)]
[Distance: 4785.93m]
[AspectAngle: 3.98538¡Æ]
[AngleOff: 37.4601¡Æ]
[LOS: 136.771¡Æ]
[BFM Mode: HABFM]
[MySpeed: 382.332m/s]
[TargetSpeed: 319.364m/s]
[VP: (8835.11, 1208.57, 735.599)]
[Throttle: 1]
=====================================

=====================================
[Aircraft ID:1] [Time:27.0516s]
[MyPos: (7696.94, 956.989, 964.256)]
[EnemyPos: (4247.54, -1946.6, 2435.49)]
[Distance: 4742.76m]
[AspectAngle: 4.07666¡Æ]
[AngleOff: 38.0315¡Æ]
[LOS: 144.268¡Æ]
[BFM Mode: HABFM]
[MySpeed: 386.91m/s]
[TargetSpeed: 333.717m/s]
[VP: (9980.24, 1464.4, 873.36)]
[Throttle: 1]
=====================================

=====================================
[Aircraft ID:1] [Time:28.0535s]
[MyPos: (8785.42, 1075.06, 1225.52)]
[EnemyPos: (4875.93, -1153.62, 2467.04)]
[Distance: 4668.24m]
[AspectAngle: 19.4545¡Æ]
[AngleOff: 62.0526¡Æ]
[LOS: 117.959¡Æ]
[BFM Mode: HABFM]
[MySpeed: 368.905m/s]
[TargetSpeed: 338.604m/s]
[VP: (5259.02, -1625.97, 1225.52)]
[Throttle: 0.85]
=====================================

=====================================
[Aircraft ID:1] [Time:29.0554s]
[MyPos: (9534.76, 532.99, 1703.56)]
[EnemyPos: (5721.26, -608.857, 2459.33)]
[Distance: 4051.89m]
[AspectAngle: 13.5592¡Æ]
[AngleOff: 93.4798¡Æ]
[LOS: 90.8329¡Æ]
[BFM Mode: HABFM]
[MySpeed: 342.823m/s]
[TargetSpeed: 344.778m/s]
[VP: (6013.95, -986.131, 1703.56)]
[Throttle: 0.85]
=====================================

=====================================
[Aircraft ID:1] [Time:30.0573s]
[MyPos: (9655.28, -365.997, 2078.62)]
[EnemyPos: (6686.26, -257.313, 2446.59)]
[Distance: 2993.7m]
[AspectAngle: 6.69902¡Æ]
[AngleOff: 110.409¡Æ]
[LOS: 70.9019¡Æ]
[BFM Mode: HABFM]
[MySpeed: 325.538m/s]
[TargetSpeed: 343.955m/s]
[VP: (9139.77, -202.956, 2078.62)]
[Throttle: 0.8]
=====================================

=====================================
[Aircraft ID:1] [Time:31.0592s]
[MyPos: (9148.25, -1133.49, 2251.35)]
[EnemyPos: (7652.11, -496.148, 2404.55)]
[Distance: 1633.43m]
[AspectAngle: 3.48127¡Æ]
[AngleOff: 111.621¡Æ]
[LOS: 52.3712¡Æ]
[BFM Mode: SCISSORS]
[MySpeed: 311.802m/s]
[TargetSpeed: 333.563m/s]
[VP: (8752.35, -1200.95, 2251.35)]
[Throttle: 0.6]
=====================================

=====================================
[Aircraft ID:1] [Time:32.0611s]
[MyPos: (8287.7, -1472.96, 2227.17)]
[EnemyPos: (8256.4, -1256.93, 2350.05)]
[Distance: 250.493m]
[AspectAngle: 30.256¡Æ]
[AngleOff: 103.414¡Æ]
[LOS: 87.1162¡Æ]
[BFM Mode: SCISSORS]
[MySpeed: 315.918m/s]
[TargetSpeed: 327.544m/s]
[VP: (8297.54, -1534.82, 2227.17)]
[Throttle: 0.8]
=====================================

=====================================
[Aircraft ID:1] [Time:33.063s]
[MyPos: (7364.13, -1635.31, 2287.93)]
[EnemyPos: (8362.12, -2217.64, 2289.55)]
[Distance: 1155.46m]
[AspectAngle: 163.557¡Æ]
[AngleOff: 43.786¡Æ]
[LOS: 120.887¡Æ]
[BFM Mode: DBFM]
[MySpeed: 312.368m/s]
[TargetSpeed: 323.377m/s]
[VP: (7395.67, -1683.56, 2287.93)]
[Throttle: 0.7]
=====================================

=====================================
[Aircraft ID:1] [Time:34.065s]
[MyPos: (6616.91, -2177.39, 2186.94)]
[EnemyPos: (7943.9, -3080.4, 2173.26)]
[Distance: 1605.15m]
[AspectAngle: 75.3075¡Æ]
[AngleOff: 4.91922¡Æ]
[LOS: 98.3653¡Æ]
[BFM Mode: SCISSORS]
[MySpeed: 312.985m/s]
[TargetSpeed: 328.933m/s]
[VP: (6559.77, -2518.29, 2186.94)]
[Throttle: 0.6]
=====================================

=====================================
[Aircraft ID:1] [Time:35.0669s]
[MyPos: (6254.93, -2997.21, 2024.35)]
[EnemyPos: (7179.34, -3638.57, 2047.57)]
[Distance: 1125.35m]
[AspectAngle: 8.81275¡Æ]
[AngleOff: 85.0579¡Æ]
[LOS: 50.5761¡Æ]
[BFM Mode: SCISSORS]
[MySpeed: 305.629m/s]
[TargetSpeed: 320.29m/s]
[VP: (6351.54, -3372.76, 2024.35)]
[Throttle: 0.6]
=====================================

=====================================
[Aircraft ID:1] [Time:36.0688s]
[MyPos: (6539.95, -3838.5, 1953.26)]
[EnemyPos: (6245.2, -3595.64, 1984.28)]
[Distance: 383.168m]
[AspectAngle: 175.543¡Æ]
[AngleOff: 144.155¡Æ]
[LOS: 157.952¡Æ]
[BFM Mode: SCISSORS]
[MySpeed: 300.124m/s]
[TargetSpeed: 318.13m/s]
[VP: (6371.21, -3935.13, 1953.26)]
[Throttle: 0.8]
=====================================

=====================================
[Aircraft ID:1] [Time:37.0707s]
[MyPos: (6857.53, -4661, 1950.78)]
[EnemyPos: (5413.83, -3174.32, 1872.89)]
[Distance: 2073.78m]
[AspectAngle: 170.04¡Æ]
[AngleOff: 94.4737¡Æ]
[LOS: 131.704¡Æ]
[BFM Mode: SCISSORS]
[MySpeed: 295.186m/s]
[TargetSpeed: 311.956m/s]
[VP: (6710.03, -5037.86, 1950.78)]
[Throttle: 0.6]
=====================================

=====================================
[Aircraft ID:1] [Time:38.0726s]
[MyPos: (6574.62, -5462.04, 1896.1)]
[EnemyPos: (4529.59, -3291.06, 1766.48)]
[Distance: 2985.32m]
[AspectAngle: 172.927¡Æ]
[AngleOff: 4.64906¡Æ]
[LOS: 84.302¡Æ]
[BFM Mode: DBFM]
[MySpeed: 288.549m/s]
[TargetSpeed: 306.04m/s]
[VP: (6607.58, -5450.5, 1896.1)]
[Throttle: 0.7]
=====================================

=====================================
[Aircraft ID:1] [Time:39.0745s]
[MyPos: (5820.21, -5821.64, 1750.37)]
[EnemyPos: (3906.7, -3929.74, 1627.38)]
[Distance: 2693.69m]
[AspectAngle: 11.7473¡Æ]
[AngleOff: 62.6623¡Æ]
[LOS: 48.6646¡Æ]
[BFM Mode: DBFM]
[MySpeed: 292.974m/s]
[TargetSpeed: 304.137m/s]
[VP: (5879.03, -5771.05, 1750.37)]
[Throttle: 0.7]
=====================================

=====================================
[Aircraft ID:1] [Time:40.0764s]
[MyPos: (4970.23, -5703.56, 1580.62)]
[EnemyPos: (3814.09, -4801.89, 1497.97)]
[Distance: 1468.51m]
[AspectAngle: 0.0857367¡Æ]
[AngleOff: 145.691¡Æ]
[LOS: 4.07708¡Æ]
[BFM Mode: SCISSORS]
[MySpeed: 298.221m/s]
[TargetSpeed: 298.684m/s]
[VP: (3397.04, -3788.4, 1552.18)]
[Throttle: 1]
=====================================

=====================================
[Aircraft ID:1] [Time:41.0783s]
[MyPos: (4225.12, -5182.95, 1491.82)]
[EnemyPos: (4336.76, -5500.95, 1447.64)]
[Distance: 339.911m]
[AspectAngle: 174.787¡Æ]
[AngleOff: 172.509¡Æ]
[LOS: 126.45¡Æ]
[BFM Mode: SCISSORS]
[MySpeed: 310.465m/s]
[TargetSpeed: 294.671m/s]
[VP: (4193.2, -5223.42, 1491.82)]
[Throttle: 0.8]
=====================================

=====================================
[Aircraft ID:1] [Time:42.0802s]
[MyPos: (3339.62, -5134.65, 1337.81)]
[EnemyPos: (5171.1, -5631.1, 1448.33)]
[Distance: 1900.79m]
[AspectAngle: 171.38¡Æ]
[AngleOff: 174.838¡Æ]
[LOS: 138.985¡Æ]
[BFM Mode: SCISSORS]
[MySpeed: 304.651m/s]
[TargetSpeed: 285.72m/s]
[VP: (3066.21, -5404.89, 1337.81)]
[Throttle: 0.6]
=====================================

=====================================
[Aircraft ID:1] [Time:43.0822s]
[MyPos: (2718.84, -5741.13, 1248.29)]
[EnemyPos: (5800.34, -5110.5, 1402.38)]
[Distance: 3149.14m]
[AspectAngle: 170.995¡Æ]
[AngleOff: 173.871¡Æ]
[LOS: 114.422¡Æ]
[BFM Mode: HABFM]
[MySpeed: 297.038m/s]
[TargetSpeed: 279.444m/s]
[VP: (5819.54, -5067.09, 1248.29)]
[Throttle: 0.85]
=====================================

=====================================
[Aircraft ID:1] [Time:44.0841s]
[MyPos: (2799.18, -6582.42, 1099.8)]
[EnemyPos: (5766.93, -4314.83, 1281.15)]
[Distance: 3739.3m]
[AspectAngle: 53.5477¡Æ]
[AngleOff: 154.427¡Æ]
[LOS: 88.0335¡Æ]
[BFM Mode: HABFM]
[MySpeed: 295.34m/s]
[TargetSpeed: 277.849m/s]
[VP: (5549.96, -4212.83, 1099.8)]
[Throttle: 0.85]
=====================================

=====================================
[Aircraft ID:1] [Time:45.086s]
[MyPos: (3510.04, -7006.42, 881.829)]
[EnemyPos: (5108.09, -3908.27, 1057.89)]
[Distance: 3490.46m]
[AspectAngle: 9.38395¡Æ]
[AngleOff: 161.296¡Æ]
[LOS: 60.5969¡Æ]
[BFM Mode: OBFM]
[MySpeed: 296.626m/s]
[TargetSpeed: 280.576m/s]
[VP: (5810.02, -3774.6, 1595.88)]
[Throttle: 0.9]
=====================================

=====================================
[Aircraft ID:1] [Time:46.0879s]
[MyPos: (4292.36, -6684.39, 765.786)]
[EnemyPos: (4390.04, -4243.71, 882.345)]
[Distance: 2445.41m]
[AspectAngle: 0.234425¡Æ]
[AngleOff: 170.512¡Æ]
[LOS: 31.9885¡Æ]
[BFM Mode: OBFM]
[MySpeed: 294.311m/s]
[TargetSpeed: 281.244m/s]
[VP: (4626.26, -3818.79, 935.675)]
[Throttle: 0.85]
=====================================

=====================================
[Aircraft ID:1] [Time:47.0898s]
[MyPos: (4500.84, -5863.23, 713.466)]
[EnemyPos: (4246.69, -5040.73, 765.956)]
[Distance: 862.474m]
[AspectAngle: 0.988335¡Æ]
[AngleOff: 178.046¡Æ]
[LOS: 2.63224¡Æ]
[BFM Mode: OBFM]
[MySpeed: 292.871m/s]
[TargetSpeed: 286.646m/s]
[VP: (4431.93, -5651.3, 716.354)]
[Throttle: 0.9]
=====================================

=====================================
[Aircraft ID:1] [Time:48.0917s]
[MyPos: (4168.46, -5051.46, 706.625)]
[EnemyPos: (4546.51, -5844.45, 633.965)]
[Distance: 881.493m]
[AspectAngle: 177.13¡Æ]
[AngleOff: 168.735¡Æ]
[LOS: 166.522¡Æ]
[BFM Mode: SCISSORS]
[MySpeed: 291.379m/s]
[TargetSpeed: 289.372m/s]
[VP: (4057.37, -4708.3, 706.625)]
[Throttle: 0.6]
=====================================

=====================================
[Aircraft ID:1] [Time:49.0936s]
[MyPos: (4167.19, -4188.7, 703.668)]
[EnemyPos: (4724.96, -6717.94, 665.98)]
[Distance: 2590.28m]
[AspectAngle: 177.697¡Æ]
[AngleOff: 152.31¡Æ]
[LOS: 147.631¡Æ]
[BFM Mode: HABFM]
[MySpeed: 295.649m/s]
[TargetSpeed: 304.137m/s]
[VP: (4488.45, -2419.27, 652.567)]
[Throttle: 1]
=====================================

=====================================
[Aircraft ID:1] [Time:50.0955s]
[MyPos: (4435.72, -3301.79, 621.607)]
[EnemyPos: (4821.8, -7658.52, 742.151)]
[Distance: 4375.46m]
[AspectAngle: 177.226¡Æ]
[AngleOff: 156.778¡Æ]
[LOS: 158.024¡Æ]
[BFM Mode: HABFM]
[MySpeed: 324.406m/s]
[TargetSpeed: 325.641m/s]
[VP: (4709.71, -1355.39, 600)]
[Throttle: 1]
=====================================

=====================================
[Aircraft ID:1] [Time:51.0974s]
[MyPos: (4721.58, -2331.69, 573.97)]
[EnemyPos: (4900.03, -8663.51, 769.339)]
[Distance: 6337.34m]
[AspectAngle: 179.469¡Æ]
[AngleOff: 159.145¡Æ]
[LOS: 161.778¡Æ]
[BFM Mode: HABFM]
[MySpeed: 345.138m/s]
[TargetSpeed: 344.469m/s]
[VP: (5308.58, -342.262, 600)]
[Throttle: 1]
=====================================

=====================================
[Aircraft ID:1] [Time:52.0994s]
[MyPos: (5020.98, -1318.65, 604.148)]
[EnemyPos: (4944.44, -9723.5, 736.906)]
[Distance: 8406.25m]
[AspectAngle: 176.426¡Æ]
[AngleOff: 162.301¡Æ]
[LOS: 164.44¡Æ]
[BFM Mode: HABFM]
[MySpeed: 356.404m/s]
[TargetSpeed: 360.571m/s]
[VP: (5490.49, 778.523, 600)]
[Throttle: 1]
=====================================

=====================================
[Aircraft ID:1] [Time:53.1013s]
[MyPos: (5331.79, -274.756, 650.534)]
[EnemyPos: (4950.36, -10825.1, 632.638)]
[Distance: 10557.2m]
[AspectAngle: 174.436¡Æ]
[AngleOff: 164.137¡Æ]
[LOS: 166.075¡Æ]
[BFM Mode: HABFM]
[MySpeed: 367.773m/s]
[TargetSpeed: 374.358m/s]
[VP: (5937.31, 1856.14, 600)]
[Throttle: 1]
=====================================

=====================================
[Aircraft ID:1] [Time:54.1032s]
[MyPos: (5641.76, 798.66, 704.163)]
[EnemyPos: (4931.75, -11971, 553.296)]
[Distance: 12790.2m]
[AspectAngle: 177.853¡Æ]
[AngleOff: 164.59¡Æ]
[LOS: 167¡Æ]
[BFM Mode: HABFM]
[MySpeed: 375.901m/s]
[TargetSpeed: 386.036m/s]
[VP: (6269.83, 2975.04, 600)]
[Throttle: 1]
=====================================

=====================================
[Aircraft ID:1] [Time:55.1051s]
[MyPos: (5955.96, 1893.54, 768.191)]
[EnemyPos: (4906.38, -13137, 601.45)]
[Distance: 15068m]
[AspectAngle: 175.546¡Æ]
[AngleOff: 163.36¡Æ]
[LOS: 167.741¡Æ]
[BFM Mode: HABFM]
[MySpeed: 382.538m/s]
[TargetSpeed: 389.74m/s]
[VP: (6595.27, 4109.91, 600)]
[Throttle: 1]
=====================================

=====================================
[Aircraft ID:1] [Time:56.107s]
[MyPos: (6274.38, 3007.21, 843.985)]
[EnemyPos: (4886.5, -14319.1, 667.126)]
[Distance: 17382.7m]
[AspectAngle: 175.946¡Æ]
[AngleOff: 163.4¡Æ]
[LOS: 168.226¡Æ]
[BFM Mode: HABFM]
[MySpeed: 388.248m/s]
[TargetSpeed: 396.222m/s]
[VP: (6923.18, 5258.21, 674.98)]
[Throttle: 1]
=====================================

=====================================
[Aircraft ID:1] [Time:57.1089s]
[MyPos: (6596.19, 4134.3, 932.259)]
[EnemyPos: (4873.39, -15515.9, 745.354)]
[Distance: 19726.5m]
[AspectAngle: 175.58¡Æ]
[AngleOff: 163.046¡Æ]
[LOS: 168.521¡Æ]
[BFM Mode: HABFM]
[MySpeed: 393.186m/s]
[TargetSpeed: 400.492m/s]
[VP: (7253.06, 6415.35, 788.109)]
[Throttle: 1]
=====================================

=====================================
[Aircraft ID:1] [Time:58.1108s]
[MyPos: (6936.61, 5258.71, 1063.94)]
[EnemyPos: (4860.71, -16722.2, 837.627)]
[Distance: 22079.9m]
[AspectAngle: 175.2¡Æ]
[AngleOff: 144.855¡Æ]
[LOS: 151.407¡Æ]
[BFM Mode: HABFM]
[MySpeed: 387.991m/s]
[TargetSpeed: 403.99m/s]
[VP: (5564.87, -14854.5, 763.942)]
[Throttle: 0.85]
=====================================

=====================================
[Aircraft ID:1] [Time:59.1127s]
[MyPos: (7627.59, 5938.98, 1558.69)]
[EnemyPos: (4847.6, -17937.8, 944.193)]
[Distance: 24046m]
[AspectAngle: 173.944¡Æ]
[AngleOff: 97.3955¡Æ]
[LOS: 105.816¡Æ]
[BFM Mode: HABFM]
[MySpeed: 357.073m/s]
[TargetSpeed: 406.922m/s]
[VP: (5552.13, -16071.8, 1258.69)]
[Throttle: 0.85]
=====================================

=====================================
[Aircraft ID:1] [Time:60.1146s]
[MyPos: (8461.5, 5824.93, 2112.45)]
[EnemyPos: (4853.52, -19124.6, 1167.6)]
[Distance: 25226.8m]
[AspectAngle: 173.507¡Æ]
[AngleOff: 40.1292¡Æ]
[LOS: 64.5055¡Æ]
[BFM Mode: HABFM]
[MySpeed: 332.894m/s]
[TargetSpeed: 393.444m/s]
[VP: (5359.6, -17581, 1812.45)]
[Throttle: 0.85]
=====================================

=====================================
[Aircraft ID:1] [Time:61.1165s]
[MyPos: (9018.43, 5104.4, 2405.86)]
[EnemyPos: (5028.59, -19817, 1994.52)]
[Distance: 25242.1m]
[AspectAngle: 150.424¡Æ]
[AngleOff: 70.4017¡Æ]
[LOS: 22.7953¡Æ]
[BFM Mode: HABFM]
[MySpeed: 320.393m/s]
[TargetSpeed: 352.854m/s]
[VP: (5209.81, -19515.7, 2105.86)]
[Throttle: 0.85]
=====================================

=====================================
[Aircraft ID:1] [Time:62.1185s]
[MyPos: (9050.99, 4153.09, 2411.95)]
[EnemyPos: (5315.3, -19744.5, 2930.74)]
[Distance: 24193.4m]
[AspectAngle: 1.71133¡Æ]
[AngleOff: 124.449¡Æ]
[LOS: 2.01943¡Æ]
[BFM Mode: HABFM]
[MySpeed: 325.486m/s]
[TargetSpeed: 317.821m/s]
[VP: (5374.57, -20811.9, 2411.95)]
[Throttle: 0.85]
=====================================

=====================================
[Aircraft ID:1] [Time:63.1204s]
[MyPos: (8871.26, 3168.23, 2391.35)]
[EnemyPos: (5592.28, -19099.8, 3488.55)]
[Distance: 22534.9m]
[AspectAngle: 0.764732¡Æ]
[AngleOff: 170.546¡Æ]
[LOS: 4.5168¡Æ]
[BFM Mode: HABFM]
[MySpeed: 339.325m/s]
[TargetSpeed: 296.626m/s]
[VP: (4534.19, -20791.8, 2391.35)]
[Throttle: 0.85]
=====================================

=====================================
[Aircraft ID:1] [Time:64.1223s]
[MyPos: (8684.78, 2164.58, 2328.37)]
[EnemyPos: (5741.98, -18226.3, 3518.57)]
[Distance: 20636.5m]
[AspectAngle: 0.980326¡Æ]
[AngleOff: 177.186¡Æ]
[LOS: 3.5523¡Æ]
[BFM Mode: HABFM]
[MySpeed: 341.228m/s]
[TargetSpeed: 301.668m/s]
[VP: (5531.28, -20120.7, 2328.37)]
[Throttle: 0.85]
=====================================

=====================================
[Aircraft ID:1] [Time:65.1242s]
[MyPos: (8505.05, 1135.44, 2299.43)]
[EnemyPos: (5816.41, -17317.3, 3473.63)]
[Distance: 18684.5m]
[AspectAngle: 0.624576¡Æ]
[AngleOff: 176.596¡Æ]
[LOS: 5.45226¡Æ]
[BFM Mode: HABFM]
[MySpeed: 352.186m/s]
[TargetSpeed: 306.143m/s]
[VP: (4903.09, -19088.3, 2299.43)]
[Throttle: 0.85]
=====================================

=====================================
[Aircraft ID:1] [Time:66.1261s]
[MyPos: (8290.23, 76.7876, 2218.69)]
[EnemyPos: (5955.96, -16382.7, 3401.66)]
[Distance: 16666.2m]
[AspectAngle: 0.478975¡Æ]
[AngleOff: 175.022¡Æ]
[LOS: 5.05066¡Æ]
[BFM Mode: HABFM]
[MySpeed: 367.825m/s]
[TargetSpeed: 326.412m/s]
[VP: (5507.24, -18158.3, 2218.69)]
[Throttle: 0.85]
=====================================

=====================================
[Aircraft ID:1] [Time:67.128s]
[MyPos: (8105.44, -1012.73, 2223.95)]
[EnemyPos: (6126.37, -15397.9, 3344.88)]
[Distance: 14563.8m]
[AspectAngle: 3.17474¡Æ]
[AngleOff: 178.813¡Æ]
[LOS: 4.20724¡Æ]
[BFM Mode: HABFM]
[MySpeed: 369.059m/s]
[TargetSpeed: 338.553m/s]
[VP: (5704.97, -17248.6, 2223.95)]
[Throttle: 0.85]
=====================================

=====================================
[Aircraft ID:1] [Time:68.1299s]
[MyPos: (7874.12, -2110.3, 2208.89)]
[EnemyPos: (6337.39, -14379.4, 3265.05)]
[Distance: 12410m]
[AspectAngle: 4.02439¡Æ]
[AngleOff: 176.983¡Æ]
[LOS: 6.99533¡Æ]
[BFM Mode: HABFM]
[MySpeed: 376.827m/s]
[TargetSpeed: 355.941m/s]
[VP: (5544.9, -16164.7, 2208.89)]
[Throttle: 0.85]
=====================================

=====================================
[Aircraft ID:1] [Time:69.1318s]
[MyPos: (7659.72, -3241.41, 2172.18)]
[EnemyPos: (6458.33, -13308.7, 3202.32)]
[Distance: 10190.9m]
[AspectAngle: 3.68664¡Æ]
[AngleOff: 176.946¡Æ]
[LOS: 6.07343¡Æ]
[BFM Mode: HABFM]
[MySpeed: 386.756m/s]
[TargetSpeed: 362.063m/s]
[VP: (6636.98, -15235.6, 2172.18)]
[Throttle: 0.85]
=====================================

=====================================
[Aircraft ID:1] [Time:70.1337s]
[MyPos: (7637.31, -4396.68, 2154.62)]
[EnemyPos: (6502.31, -12221.9, 3098.66)]
[Distance: 7963.25m]
[AspectAngle: 5.34953¡Æ]
[AngleOff: 177.741¡Æ]
[LOS: 8.93486¡Æ]
[BFM Mode: HABFM]
[MySpeed: 381.92m/s]
[TargetSpeed: 361.857m/s]
[VP: (6418.15, -14119.5, 2154.62)]
[Throttle: 0.85]
=====================================

=====================================
[Aircraft ID:1] [Time:71.1357s]
[MyPos: (7511.72, -5527.79, 2148.44)]
[EnemyPos: (6636.36, -11131, 3020.35)]
[Distance: 5737.83m]
[AspectAngle: 2.02584¡Æ]
[AngleOff: 174.536¡Æ]
[LOS: 9.78685¡Æ]
[BFM Mode: HABFM]
[MySpeed: 382.846m/s]
[TargetSpeed: 374.204m/s]
[VP: (6841.51, -11140, 2148.44)]
[Throttle: 0.85]
=====================================

=====================================
[Aircraft ID:1] [Time:72.1376s]
[MyPos: (7282.1, -6666.95, 2134.99)]
[EnemyPos: (6772.95, -10006.6, 2909.46)]
[Distance: 3465.89m]
[AspectAngle: 1.36334¡Æ]
[AngleOff: 178.348¡Æ]
[LOS: 2.46818¡Æ]
[BFM Mode: OBFM]
[MySpeed: 386.293m/s]
[TargetSpeed: 386.293m/s]
[VP: (7053.72, -10852.8, 2981.06)]
[Throttle: 0.9]
=====================================

=====================================
[Aircraft ID:1] [Time:73.1395s]
[MyPos: (7116.75, -7749.76, 2376.93)]
[EnemyPos: (6918, -8854.04, 2662.46)]
[Distance: 1157.78m]
[AspectAngle: 0.504653¡Æ]
[AngleOff: 177.171¡Æ]
[LOS: 4.05463¡Æ]
[BFM Mode: OBFM]
[MySpeed: 362.269m/s]
[TargetSpeed: 403.835m/s]
[VP: (6704.41, -9896.14, 2931.59)]
[Throttle: 1]
=====================================

=====================================
[Aircraft ID:1] [Time:74.1414s]
[MyPos: (6937.87, -8797.68, 2546.86)]
[EnemyPos: (7271.1, -7748.42, 2306.9)]
[Distance: 1126.75m]
[AspectAngle: 176.301¡Æ]
[AngleOff: 151.336¡Æ]
[LOS: 167.167¡Æ]
[BFM Mode: SCISSORS]
[MySpeed: 358.205m/s]
[TargetSpeed: 406.973m/s]
[VP: (7236.78, -9217.22, 2546.86)]
[Throttle: 0.6]
=====================================

=====================================
[Aircraft ID:1] [Time:75.1433s]
[MyPos: (6975.93, -9856.34, 2511.54)]
[EnemyPos: (8080.49, -6987.63, 1897.89)]
[Distance: 3134.66m]
[AspectAngle: 176.244¡Æ]
[AngleOff: 86.4256¡Æ]
[LOS: 137.286¡Æ]
[BFM Mode: DBFM]
[MySpeed: 354.912m/s]
[TargetSpeed: 397.559m/s]
[VP: (6763.67, -9839.25, 2511.54)]
[Throttle: 0.7]
=====================================

=====================================
[Aircraft ID:1] [Time:76.1452s]
[MyPos: (7436.02, -10705.7, 2138.18)]
[EnemyPos: (9185.04, -7002.39, 1586.65)]
[Distance: 4132.5m]
[AspectAngle: 74.7991¡Æ]
[AngleOff: 15.6421¡Æ]
[LOS: 92.7133¡Æ]
[BFM Mode: HABFM]
[MySpeed: 352.289m/s]
[TargetSpeed: 386.91m/s]
[VP: (9639.77, -7195.73, 2138.18)]
[Throttle: 0.85]
=====================================

=====================================
[Aircraft ID:1] [Time:77.1471s]
[MyPos: (8298.27, -10890.8, 1613.33)]
[EnemyPos: (9895.47, -7804.77, 1300.9)]
[Distance: 3488.91m]
[AspectAngle: 11.1082¡Æ]
[AngleOff: 91.9833¡Æ]
[LOS: 46.0623¡Æ]
[BFM Mode: HABFM]
[MySpeed: 353.369m/s]
[TargetSpeed: 376.107m/s]
[VP: (8865.61, -11156.1, 2636.94)]
[Throttle: 0.8]
=====================================

=====================================
[Aircraft ID:1] [Time:78.149s]
[MyPos: (9112.3, -10355.5, 1251.61)]
[EnemyPos: (9978.36, -8909.05, 1085.9)]
[Distance: 1694.01m]
[AspectAngle: 3.16409¡Æ]
[AngleOff: 139.738¡Æ]
[LOS: 11.146¡Æ]
[BFM Mode: SCISSORS]
[MySpeed: 350.231m/s]
[TargetSpeed: 376.622m/s]
[VP: (9073.9, -9923.71, 1251.61)]
[Throttle: 0.6]
=====================================

=====================================
[Aircraft ID:1] [Time:79.1509s]
[MyPos: (9665.85, -9476.62, 1147.31)]
[EnemyPos: (9547.02, -9915.38, 1065.1)]
[Distance: 461.939m]
[AspectAngle: 174.971¡Æ]
[AngleOff: 170.133¡Æ]
[LOS: 148.641¡Æ]
[BFM Mode: SCISSORS]
[MySpeed: 344.932m/s]
[TargetSpeed: 362.526m/s]
[VP: (9682.44, -9482.84, 1147.31)]
[Throttle: 0.8]
=====================================

=====================================
[Aircraft ID:1] [Time:80.1528s]
[MyPos: (10515.4, -8927.83, 1116.59)]
[EnemyPos: (8770.62, -10635.9, 1248.59)]
[Distance: 2445.25m]
[AspectAngle: 179.549¡Æ]
[AngleOff: 149.486¡Æ]
[LOS: 147.076¡Æ]
[BFM Mode: SCISSORS]
[MySpeed: 338.09m/s]
[TargetSpeed: 358.976m/s]
[VP: (10908.2, -8901.55, 1116.59)]
[Throttle: 0.6]
=====================================

=====================================
[Aircraft ID:1] [Time:81.1548s]
[MyPos: (11498.2, -8994.92, 1054.56)]
[EnemyPos: (7962.5, -11200.8, 1616.93)]
[Distance: 4205.12m]
[AspectAngle: 166.992¡Æ]
[AngleOff: 123.364¡Æ]
[LOS: 117.698¡Æ]
[BFM Mode: HABFM]
[MySpeed: 335.929m/s]
[TargetSpeed: 345.704m/s]
[VP: (7944.12, -11054.1, 1054.56)]
[Throttle: 0.85]
=====================================

=====================================
[Aircraft ID:1] [Time:82.1567s]
[MyPos: (12236.9, -9663.12, 878.425)]
[EnemyPos: (7340.45, -11218.2, 2363.08)]
[Distance: 5347.72m]
[AspectAngle: 160.04¡Æ]
[AngleOff: 129.028¡Æ]
[LOS: 116.797¡Æ]
[BFM Mode: HABFM]
[MySpeed: 349.871m/s]
[TargetSpeed: 317.615m/s]
[VP: (13849.6, -11010.4, 600)]
[Throttle: 1]
=====================================

=====================================
[Aircraft ID:1] [Time:83.1586s]
[MyPos: (12952, -10460.1, 709.83)]
[EnemyPos: (7216.13, -10788.9, 3132.37)]
[Distance: 6235.16m]
[AspectAngle: 62.5968¡Æ]
[AngleOff: 106.722¡Æ]
[LOS: 126.765¡Æ]
[BFM Mode: HABFM]
[MySpeed: 369.008m/s]
[TargetSpeed: 290.607m/s]
[VP: (14424.3, -12086.9, 600)]
[Throttle: 1]
=====================================

=====================================
[Aircraft ID:1] [Time:84.1605s]
[MyPos: (13702.2, -11297.4, 676.756)]
[EnemyPos: (7657.19, -10264.2, 3585.11)]
[Distance: 6787.35m]
[AspectAngle: 11.6027¡Æ]
[AngleOff: 72.1505¡Æ]
[LOS: 136.401¡Æ]
[BFM Mode: HABFM]
[MySpeed: 379.605m/s]
[TargetSpeed: 274.145m/s]
[VP: (15221.2, -12979, 600)]
[Throttle: 1]
=====================================

=====================================
[Aircraft ID:1] [Time:85.1624s]
[MyPos: (14471.8, -12156.1, 661.649)]
[EnemyPos: (8430.63, -10097.9, 3637.73)]
[Distance: 7042m]
[AspectAngle: 21.2334¡Æ]
[AngleOff: 34.2306¡Æ]
[LOS: 143.304¡Æ]
[BFM Mode: HABFM]
[MySpeed: 388.094m/s]
[TargetSpeed: 273.013m/s]
[VP: (16027.8, -13878, 600)]
[Throttle: 1]
=====================================

=====================================
[Aircraft ID:1] [Time:86.1643s]
[MyPos: (15253.7, -13031, 664.021)]
[EnemyPos: (9242.55, -10324.6, 3549.24)]
[Distance: 7196.05m]
[AspectAngle: 18.3716¡Æ]
[AngleOff: 26.0048¡Æ]
[LOS: 147.329¡Æ]
[BFM Mode: HABFM]
[MySpeed: 392.363m/s]
[TargetSpeed: 296.009m/s]
[VP: (16943.4, -14676.2, 600)]
[Throttle: 1]
=====================================

=====================================
[Aircraft ID:1] [Time:87.1662s]
[MyPos: (16046.6, -13920.6, 686.807)]
[EnemyPos: (10071, -10709.7, 3449.89)]
[Distance: 7324.81m]
[AspectAngle: 15.3095¡Æ]
[AngleOff: 19.1191¡Æ]
[LOS: 150.977¡Æ]
[BFM Mode: HABFM]
[MySpeed: 400.8m/s]
[TargetSpeed: 318.13m/s]
[VP: (17749.5, -15624.5, 600)]
[Throttle: 1]
=====================================

=====================================
[Aircraft ID:1] [Time:88.1681s]
[MyPos: (16867.4, -14815.5, 721.018)]
[EnemyPos: (10905.7, -11218.2, 3356.23)]
[Distance: 7444.92m]
[AspectAngle: 10.5287¡Æ]
[AngleOff: 15.1683¡Æ]
[LOS: 153.366¡Æ]
[BFM Mode: HABFM]
[MySpeed: 407.334m/s]
[TargetSpeed: 337.061m/s]
[VP: (18540.9, -16603.1, 600)]
[Throttle: 1]
=====================================

=====================================
[Aircraft ID:1] [Time:89.17s]
[MyPos: (17703, -15717.2, 770.476)]
[EnemyPos: (11747.2, -11814, 3276.25)]
[Distance: 7548.87m]
[AspectAngle: 8.64107¡Æ]
[AngleOff: 12.564¡Æ]
[LOS: 154.978¡Æ]
[BFM Mode: HABFM]
[MySpeed: 411.295m/s]
[TargetSpeed: 352.854m/s]
[VP: (19393.5, -17525.8, 600)]
[Throttle: 1]
=====================================

