=====================================
[Aircraft ID:4] [Time:1.00191s]
[MyPos: (6830.89, -77.516, 7106.91)]
[EnemyPos: (147.749, 79.4712, 7099.73)]
[Distance: 6684.98m]
[AspectAngle: 172.822]
[AngleOff: 137.563]
[LOS: 148.496]
[BFM Mode: HABFM]
[MySpeed: 272.756m/s]
[TargetSpeed: 272.756m/s]
[VP: (272.654, -660.958, 7106.91)]
[Throttle: 0]
=====================================

=====================================
[Aircraft ID:4] [Time:2.00382s]
[MyPos: (7450.4, -438.452, 7339.33)]
[EnemyPos: (-470.496, 441.749, 7328.79)]
[Distance: 7969.66m]
[AspectAngle: 177.287]
[AngleOff: 121.56]
[LOS: 117.269]
[BFM Mode: HABFM]
[MySpeed: 234.122m/s]
[TargetSpeed: 234.225m/s]
[VP: (-533.593, -417.53, 7339.33)]
[Throttle: 0]
=====================================

=====================================
[Aircraft ID:4] [Time:3.00573s]
[MyPos: (7707.09, -949.667, 7613.42)]
[EnemyPos: (-725.49, 952.964, 7601.35)]
[Distance: 8644.56m]
[AspectAngle: 108.696]
[AngleOff: 112.766]
[LOS: 93.2921]
[BFM Mode: HABFM]
[MySpeed: 194.253m/s]
[TargetSpeed: 194.355m/s]
[VP: (-246.784, 1830.19, 7613.42)]
[Throttle: 0]
=====================================

=====================================
[Aircraft ID:4] [Time:4.00764s]
[MyPos: (7669.45, -1411.24, 7867.11)]
[EnemyPos: (-686.586, 1414.53, 7854.88)]
[Distance: 8820.91m]
[AspectAngle: 11.9522]
[AngleOff: 119.212]
[LOS: 80.9007]
[BFM Mode: DBFM]
[MySpeed: 162.254m/s]
[TargetSpeed: 162.254m/s]
[VP: (7707.39, -1246.2, 7867.11)]
[Throttle: 0]
=====================================

=====================================
[Aircraft ID:4] [Time:5.00955s]
[MyPos: (7461.82, -1770.83, 8043.37)]
[EnemyPos: (-476.839, 1774.13, 8031.18)]
[Distance: 8694.2m]
[AspectAngle: 16.1322]
[AngleOff: 138.999]
[LOS: 55.6923]
[BFM Mode: HABFM]
[MySpeed: 140.133m/s]
[TargetSpeed: 140.236m/s]
[VP: (20.7803, 2146.88, 8043.37)]
[Throttle: 0]
=====================================

=====================================
[Aircraft ID:4] [Time:6.01146s]
[MyPos: (7159.04, -1998.93, 8133.75)]
[EnemyPos: (-173.637, 2002.23, 8121.28)]
[Distance: 8353.3m]
[AspectAngle: 10.6349]
[AngleOff: 157.533]
[LOS: 37.8018]
[BFM Mode: HABFM]
[MySpeed: 123.105m/s]
[TargetSpeed: 123.208m/s]
[VP: (150.032, 2067.92, 8133.75)]
[Throttle: 0]
=====================================

=====================================
[Aircraft ID:4] [Time:7.01337s]
[MyPos: (6823.27, -2095.54, 8144.22)]
[EnemyPos: (162.55, 2097.49, 8132.26)]
[Distance: 7870.64m]
[AspectAngle: 4.47121]
[AngleOff: 176.585]
[LOS: 20.2695]
[BFM Mode: HABFM]
[MySpeed: 113.691m/s]
[TargetSpeed: 113.743m/s]
[VP: (166.072, 1881.98, 8144.22)]
[Throttle: 0]
=====================================

=====================================
[Aircraft ID:4] [Time:8.01528s]
[MyPos: (6495.55, -2076.75, 8089.83)]
[EnemyPos: (490.279, 2080.05, 8079.03)]
[Distance: 7303.59m]
[AspectAngle: 2.46333]
[AngleOff: 176.071]
[LOS: 7.52748]
[BFM Mode: HABFM]
[MySpeed: 110.913m/s]
[TargetSpeed: 110.862m/s]
[VP: (78.5978, 1375.69, 8089.83)]
[Throttle: 0]
=====================================

=====================================
[Aircraft ID:4] [Time:9.0172s]
[MyPos: (6183.04, -1992.22, 7998.44)]
[EnemyPos: (802.362, 1995.52, 7989.17)]
[Distance: 6697.3m]
[AspectAngle: 9.11037]
[AngleOff: 177.306]
[LOS: 12.6283]
[BFM Mode: HABFM]
[MySpeed: 113.794m/s]
[TargetSpeed: 113.537m/s]
[VP: (357.451, 1042.69, 7998.44)]
[Throttle: 0]
=====================================

=====================================
[Aircraft ID:4] [Time:10.0191s]
[MyPos: (5876.45, -1864.75, 7894.14)]
[EnemyPos: (1107.68, 1868.05, 7886.56)]
[Distance: 6056m]
[AspectAngle: 13.0494]
[AngleOff: 177.34]
[LOS: 13.0371]
[BFM Mode: HABFM]
[MySpeed: 118.887m/s]
[TargetSpeed: 118.476m/s]
[VP: (604.762, 782.804, 7894.14)]
[Throttle: 0]
=====================================

=====================================
[Aircraft ID:4] [Time:11.021s]
[MyPos: (5565.22, -1715.82, 7788.92)]
[EnemyPos: (1417.22, 1720.46, 7783.02)]
[Distance: 5386.45m]
[AspectAngle: 8.45994]
[AngleOff: 172.249]
[LOS: 8.95109]
[BFM Mode: HABFM]
[MySpeed: 123.054m/s]
[TargetSpeed: 122.54m/s]
[VP: (856.474, 801.597, 7788.92)]
[Throttle: 0]
=====================================

=====================================
[Aircraft ID:4] [Time:12.0229s]
[MyPos: (5248.48, -1549.44, 7683.72)]
[EnemyPos: (1732.27, 1555.42, 7679.67)]
[Distance: 4690.83m]
[AspectAngle: 4.79601]
[AngleOff: 175.932]
[LOS: 7.2611]
[BFM Mode: HABFM]
[MySpeed: 126.141m/s]
[TargetSpeed: 125.523m/s]
[VP: (1281.37, 930.819, 7683.72)]
[Throttle: 0]
=====================================

=====================================
[Aircraft ID:4] [Time:13.0248s]
[MyPos: (4928.37, -1365.62, 7578.59)]
[EnemyPos: (2050.69, 1371.6, 7576.54)]
[Distance: 3971.57m]
[AspectAngle: 7.98623]
[AngleOff: 177.257]
[LOS: 11.6201]
[BFM Mode: HABFM]
[MySpeed: 129.176m/s]
[TargetSpeed: 128.353m/s]
[VP: (1706.82, 843.882, 7578.59)]
[Throttle: 0]
=====================================

=====================================
[Aircraft ID:4] [Time:14.0267s]
[MyPos: (4609.52, -1158.98, 7474.59)]
[EnemyPos: (2367.43, 1167.65, 7474.29)]
[Distance: 3231.13m]
[AspectAngle: 13.961]
[AngleOff: 176.258]
[LOS: 13.8303]
[BFM Mode: HABFM]
[MySpeed: 133.137m/s]
[TargetSpeed: 132.16m/s]
[VP: (2026.92, 624.971, 7474.59)]
[Throttle: 0]
=====================================

=====================================
[Aircraft ID:4] [Time:15.0287s]
[MyPos: (4291.51, -933.566, 7377.54)]
[EnemyPos: (2682.89, 943.571, 7378.59)]
[Distance: 2472.11m]
[AspectAngle: 7.52963]
[AngleOff: 171.133]
[LOS: 8.36172]
[BFM Mode: HABFM]
[MySpeed: 136.532m/s]
[TargetSpeed: 135.658m/s]
[VP: (2347.84, 580.75, 7377.54)]
[Throttle: 0]
=====================================

=====================================
[Aircraft ID:4] [Time:16.0306s]
[MyPos: (3977.74, -686.68, 7279.65)]
[EnemyPos: (2994.13, 698.027, 7282.96)]
[Distance: 1698.5m]
[AspectAngle: 0.707857]
[AngleOff: 176.75]
[LOS: 6.24259]
[BFM Mode: HABFM]
[MySpeed: 137.458m/s]
[TargetSpeed: 136.481m/s]
[VP: (2887.06, 613.431, 7279.65)]
[Throttle: 0]
=====================================

=====================================
[Aircraft ID:4] [Time:17.0325s]
[MyPos: (3718.94, -383.44, 7186.49)]
[EnemyPos: (3249.97, 397.471, 7190.89)]
[Distance: 910.919m]
[AspectAngle: 5.93494]
[AngleOff: 177.253]
[LOS: 7.074]
[BFM Mode: HABFM]
[MySpeed: 135.606m/s]
[TargetSpeed: 134.577m/s]
[VP: (3368.66, 447.236, 7186.49)]
[Throttle: 0]
=====================================

=====================================
[Aircraft ID:4] [Time:18.0344s]
[MyPos: (3529.07, -33.2376, 7096.62)]
[EnemyPos: (3438.15, 49.9522, 7101.72)]
[Distance: 123.34m]
[AspectAngle: 22.3244]
[AngleOff: 175.765]
[LOS: 23.1023]
[BFM Mode: HABFM]
[MySpeed: 138.024m/s]
[TargetSpeed: 136.995m/s]
[VP: (3459.99, 60.278, 7096.62)]
[Throttle: 0]
=====================================

=====================================
[Aircraft ID:4] [Time:19.0363s]
[MyPos: (3315.09, 335.749, 6997.42)]
[EnemyPos: (3650.43, -316.351, 7002.34)]
[Distance: 733.289m]
[AspectAngle: 167.551]
[AngleOff: 172.138]
[LOS: 158.272]
[BFM Mode: HABFM]
[MySpeed: 153.509m/s]
[TargetSpeed: 152.634m/s]
[VP: (3722.88, -246.292, 6997.42)]
[Throttle: 1]
=====================================

=====================================
[Aircraft ID:4] [Time:20.0382s]
[MyPos: (2980.17, 663.141, 6934.08)]
[EnemyPos: (3983.24, -642.401, 6934.42)]
[Distance: 1646.38m]
[AspectAngle: 165.704]
[AngleOff: 163.233]
[LOS: 149.14]
[BFM Mode: HABFM]
[MySpeed: 162.666m/s]
[TargetSpeed: 162.357m/s]
[VP: (4102.97, -461.62, 6934.08)]
[Throttle: 1]
=====================================

=====================================
[Aircraft ID:4] [Time:21.0401s]
[MyPos: (2535.73, 876.483, 6923.21)]
[EnemyPos: (4427.68, -853.059, 6916.43)]
[Distance: 2563.36m]
[AspectAngle: 165.436]
[AngleOff: 154.903]
[LOS: 137.604]
[BFM Mode: HABFM]
[MySpeed: 168.016m/s]
[TargetSpeed: 168.068m/s]
[VP: (4534.34, -596.368, 6923.21)]
[Throttle: 1]
=====================================

=====================================
[Aircraft ID:4] [Time:22.042s]
[MyPos: (2035.47, 918.078, 6954.14)]
[EnemyPos: (4929.63, -893.312, 6939.89)]
[Distance: 3414.31m]
[AspectAngle: 161.574]
[AngleOff: 151]
[LOS: 125.199]
[BFM Mode: HABFM]
[MySpeed: 170.485m/s]
[TargetSpeed: 171.051m/s]
[VP: (4977.97, -567.162, 6954.14)]
[Throttle: 1]
=====================================

=====================================
[Aircraft ID:4] [Time:23.0439s]
[MyPos: (1556.35, 762.432, 7014.04)]
[EnemyPos: (5412.14, -733.642, 6987.88)]
[Distance: 4135.94m]
[AspectAngle: 152.516]
[AngleOff: 149.842]
[LOS: 112.493]
[BFM Mode: HABFM]
[MySpeed: 171.257m/s]
[TargetSpeed: 172.543m/s]
[VP: (5367.92, -384.384, 7014.04)]
[Throttle: 1]
=====================================

=====================================
[Aircraft ID:4] [Time:24.0459s]
[MyPos: (1180.84, 425.648, 7086.52)]
[EnemyPos: (5790.19, -387.465, 7043.27)]
[Distance: 4680.72m]
[AspectAngle: 128.615]
[AngleOff: 152.254]
[LOS: 99.708]
[BFM Mode: HABFM]
[MySpeed: 171.463m/s]
[TargetSpeed: 173.675m/s]
[VP: (5647.38, -82.4432, 7086.52)]
[Throttle: 1]
=====================================

=====================================
[Aircraft ID:4] [Time:25.0478s]
[MyPos: (976.164, -38.6046, 7153.72)]
[EnemyPos: (5991.48, 88.8636, 7088.85)]
[Distance: 5017.35m]
[AspectAngle: 67.8071]
[AngleOff: 158.003]
[LOS: 86.8288]
[BFM Mode: HABFM]
[MySpeed: 172.183m/s]
[TargetSpeed: 175.424m/s]
[VP: (5782.85, 284.368, 7153.72)]
[Throttle: 1]
=====================================

=====================================
[Aircraft ID:4] [Time:26.0497s]
[MyPos: (983.353, -552.503, 7199.36)]
[EnemyPos: (5971.18, 616.179, 7109.83)]
[Distance: 5123.69m]
[AspectAngle: 28.2745]
[AngleOff: 165.908]
[LOS: 73.8255]
[BFM Mode: HABFM]
[MySpeed: 174.189m/s]
[TargetSpeed: 178.459m/s]
[VP: (5760.71, 666.231, 7199.36)]
[Throttle: 1]
=====================================

=====================================
[Aircraft ID:4] [Time:27.0516s]
[MyPos: (1210.86, -1024.81, 7211.51)]
[EnemyPos: (5720.41, 1091.17, 7096.6)]
[Distance: 4982.63m]
[AspectAngle: 14.2771]
[AngleOff: 173.925]
[LOS: 60.538]
[BFM Mode: HABFM]
[MySpeed: 177.842m/s]
[TargetSpeed: 183.038m/s]
[VP: (5578.41, 1006.87, 7211.51)]
[Throttle: 1]
=====================================

=====================================
[Aircraft ID:4] [Time:28.0535s]
[MyPos: (1627.39, -1358.91, 7185.15)]
[EnemyPos: (5279.78, 1421.24, 7045.63)]
[Distance: 4592.23m]
[AspectAngle: 8.00505]
[AngleOff: 177.851]
[LOS: 46.8207]
[BFM Mode: HABFM]
[MySpeed: 183.038m/s]
[TargetSpeed: 189.52m/s]
[VP: (5250.84, 1257.18, 7185.15)]
[Throttle: 1]
=====================================

=====================================
[Aircraft ID:4] [Time:29.0554s]
[MyPos: (2161.91, -1483.69, 7122.68)]
[EnemyPos: (4724.12, 1529.93, 6964.1)]
[Distance: 3958.78m]
[AspectAngle: 3.6356]
[AngleOff: 174.242]
[LOS: 33.9307]
[BFM Mode: HABFM]
[MySpeed: 189.931m/s]
[TargetSpeed: 196.105m/s]
[VP: (4804.41, 1356.61, 7122.68)]
[Throttle: 1]
=====================================

