=====================================
[Aircraft ID:3] [Time:1.00191s]
[MyPos: (112.228, 0.306701, 6972.83)]
[EnemyPos: (6829.62, -26.5287, 7128.01)]
[Distance: 6719.24m]
[AspectAngle: 165.013¡Æ]
[AngleOff: 164.829¡Æ]
[LOS: 177.11¡Æ]
[BFM Mode: NONE]
[MySpeed: 294.363m/s]
[TargetSpeed: 272.19m/s]
[VP: (0, 0, 0)]
[Throttle: 0]
=====================================

=====================================
[Aircraft ID:3] [Time:2.00382s]
[MyPos: (-694.197, -14.4528, 6708.74)]
[EnemyPos: (7588.68, -137.896, 7080.86)]
[Distance: 8292.15m]
[AspectAngle: 171.24¡Æ]
[AngleOff: 97.1953¡Æ]
[LOS: 137.728¡Æ]
[BFM Mode: NONE]
[MySpeed: 281.604m/s]
[TargetSpeed: 251.767m/s]
[VP: (0, 0, 0)]
[Throttle: 0]
=====================================

=====================================
[Aircraft ID:3] [Time:3.00573s]
[MyPos: (-1217.3, -7.74392, 6031.65)]
[EnemyPos: (8118.97, -266.706, 6571.47)]
[Distance: 9355.44m]
[AspectAngle: 179.618¡Æ]
[AngleOff: 27.2019¡Æ]
[LOS: 106.194¡Æ]
[BFM Mode: HABFM]
[MySpeed: 299.147m/s]
[TargetSpeed: 260.975m/s]
[VP: (8118.97, -266.706, 6031.65)]
[Throttle: 0.9]
=====================================

=====================================
[Aircraft ID:3] [Time:4.00764s]
[MyPos: (-1304.83, 8.35732, 5113.09)]
[EnemyPos: (8205.23, -412.959, 5790.54)]
[Distance: 9543.47m]
[AspectAngle: 0.7351¡Æ]
[AngleOff: 40.2194¡Æ]
[LOS: 77.6375¡Æ]
[BFM Mode: HABFM]
[MySpeed: 323.274m/s]
[TargetSpeed: 282.016m/s]
[VP: (8205.23, -412.959, 5113.09)]
[Throttle: 0.9]
=====================================

=====================================
[Aircraft ID:3] [Time:5.00955s]
[MyPos: (-883.646, 24.4586, 4222.84)]
[EnemyPos: (7800.54, -510.908, 5029.03)]
[Distance: 8737.94m]
[AspectAngle: 1.92532¡Æ]
[AngleOff: 99.7787¡Æ]
[LOS: 47.4531¡Æ]
[BFM Mode: HABFM]
[MySpeed: 340.971m/s]
[TargetSpeed: 302.645m/s]
[VP: (7800.54, -510.908, 4222.84)]
[Throttle: 0.9]
=====================================

=====================================
[Aircraft ID:3] [Time:6.01146s]
[MyPos: (-61.5743, 21.775, 3585.8)]
[EnemyPos: (7027.95, -509.566, 4537.41)]
[Distance: 7172.81m]
[AspectAngle: 0.133518¡Æ]
[AngleOff: 134.334¡Æ]
[LOS: 43.0563¡Æ]
[BFM Mode: HABFM]
[MySpeed: 361.446m/s]
[TargetSpeed: 313.14m/s]
[VP: (1413.69, 10.2104, 2542)]
[Throttle: 1]
=====================================

=====================================
[Aircraft ID:3] [Time:7.01337s]
[MyPos: (860.719, 15.0662, 2950.82)]
[EnemyPos: (6096.35, -435.769, 4418.34)]
[Distance: 5456.07m]
[AspectAngle: 1.23466¡Æ]
[AngleOff: 143.987¡Æ]
[LOS: 50.8943¡Æ]
[BFM Mode: HABFM]
[MySpeed: 387.579m/s]
[TargetSpeed: 321.474m/s]
[VP: (2445.84, 1.89312, 1836.07)]
[Throttle: 1]
=====================================

=====================================
[Aircraft ID:3] [Time:8.01528s]
[MyPos: (1846.87, 4.33201, 2282.6)]
[EnemyPos: (5120.35, -347.212, 4397.44)]
[Distance: 3913.04m]
[AspectAngle: 10.0755¡Æ]
[AngleOff: 146.124¡Æ]
[LOS: 67.5033¡Æ]
[BFM Mode: HABFM]
[MySpeed: 406.871m/s]
[TargetSpeed: 333.306m/s]
[VP: (3493.36, -11.6209, 1147.34)]
[Throttle: 0.6]
=====================================

=====================================
[Aircraft ID:3] [Time:9.0172s]
[MyPos: (2879.11, -7.74392, 1603.42)]
[EnemyPos: (4135.05, -163.389, 4418.93)]
[Distance: 3086.86m]
[AspectAngle: 58.1518¡Æ]
[AngleOff: 147.917¡Æ]
[LOS: 97.8803¡Æ]
[BFM Mode: HABFM]
[MySpeed: 420.812m/s]
[TargetSpeed: 340.868m/s]
[VP: (4575.81, -28.6256, 600)]
[Throttle: 1]
=====================================

=====================================
[Aircraft ID:3] [Time:10.0191s]
[MyPos: (4041.59, -29.2122, 1088.4)]
[EnemyPos: (3124.8, 55.3193, 4371.21)]
[Distance: 3409.47m]
[AspectAngle: 119.832¡Æ]
[AngleOff: 158.209¡Æ]
[LOS: 120.541¡Æ]
[BFM Mode: HABFM]
[MySpeed: 432.078m/s]
[TargetSpeed: 351.414m/s]
[VP: (5973.8, -66.9574, 600)]
[Throttle: 1]
=====================================

=====================================
[Aircraft ID:3] [Time:11.021s]
[MyPos: (5297.54, -58.7312, 882.92)]
[EnemyPos: (2094.67, 294.154, 4228.61)]
[Distance: 4645.05m]
[AspectAngle: 166.686¡Æ]
[AngleOff: 160.03¡Æ]
[LOS: 140.795¡Æ]
[BFM Mode: HABFM]
[MySpeed: 417.314m/s]
[TargetSpeed: 362.474m/s]
[VP: (7281.66, -103.277, 635.371)]
[Throttle: 0.6]
=====================================

=====================================
[Aircraft ID:3] [Time:12.0229s]
[MyPos: (6528.11, -90.9337, 803.778)]
[EnemyPos: (1133.05, 597.395, 3844.62)]
[Distance: 6231.15m]
[AspectAngle: 146.095¡Æ]
[AngleOff: 125.492¡Æ]
[LOS: 154.631¡Æ]
[BFM Mode: HABFM]
[MySpeed: 409.803m/s]
[TargetSpeed: 366.178m/s]
[VP: (8521.44, -141.917, 648.808)]
[Throttle: 0.6]
=====================================

=====================================
[Aircraft ID:3] [Time:13.0248s]
[MyPos: (7699.9, 64.7117, 855.505)]
[EnemyPos: (680.151, 1017.37, 2950.45)]
[Distance: 7387.37m]
[AspectAngle: 10.6225¡Æ]
[AngleOff: 89.5225¡Æ]
[LOS: 131.903¡Æ]
[BFM Mode: HABFM]
[MySpeed: 387.733m/s]
[TargetSpeed: 374.667m/s]
[VP: (680.151, 1017.37, 855.505)]
[Throttle: 0.9]
=====================================

=====================================
[Aircraft ID:3] [Time:14.0267s]
[MyPos: (8395.11, 868.432, 1109.36)]
[EnemyPos: (999.422, 1331.34, 1934.55)]
[Distance: 7455.96m]
[AspectAngle: 2.09426¡Æ]
[AngleOff: 84.6237¡Æ]
[LOS: 95.9509¡Æ]
[BFM Mode: HABFM]
[MySpeed: 360.262m/s]
[TargetSpeed: 382.435m/s]
[VP: (999.422, 1331.34, 1109.36)]
[Throttle: 0.9]
=====================================

=====================================
[Aircraft ID:3] [Time:15.0287s]
[MyPos: (8287.7, 1872.08, 1292.81)]
[EnemyPos: (1957.24, 1418.56, 1375.82)]
[Distance: 6347.23m]
[AspectAngle: 2.13428¡Æ]
[AngleOff: 123.75¡Æ]
[LOS: 59.4705¡Æ]
[BFM Mode: HABFM]
[MySpeed: 342.308m/s]
[TargetSpeed: 377.856m/s]
[VP: (1957.24, 1418.56, 1292.81)]
[Throttle: 0.9]
=====================================

=====================================
[Aircraft ID:3] [Time:16.0306s]
[MyPos: (7527.36, 2504.05, 1296.17)]
[EnemyPos: (3092.66, 1456.13, 1223.87)]
[Distance: 4557.41m]
[AspectAngle: 10.5142¡Æ]
[AngleOff: 152.855¡Æ]
[LOS: 36.8319¡Æ]
[BFM Mode: HABFM]
[MySpeed: 336.392m/s]
[TargetSpeed: 388.968m/s]
[VP: (6602.65, 2906.8, 1262.46)]
[Throttle: 0.85]
=====================================

=====================================
[Aircraft ID:3] [Time:17.0325s]
[MyPos: (6566.59, 2808.63, 1186.95)]
[EnemyPos: (4261.49, 1505.77, 1086.81)]
[Distance: 2649.71m]
[AspectAngle: 1.44851¡Æ]
[AngleOff: 161.821¡Æ]
[LOS: 37.7825¡Æ]
[BFM Mode: HABFM]
[MySpeed: 341.177m/s]
[TargetSpeed: 398.897m/s]
[VP: (6634.1, 2748.15, 600)]
[Throttle: 1]
=====================================

