=====================================
[Aircraft ID:2] [Time:1.00191s]
[MyPos: (5081.45, -17.1363, 7024.15)]
[EnemyPos: (1884.93, -45.3135, 7075.67)]
[Distance: 3197.06m]
[AspectAngle: 1.48247]
[AngleOff: 176.319]
[LOS: 0.954635]
[BFM Mode: OBFM]
[MySpeed: 308.355m/s]
[TargetSpeed: 298.169m/s]
[VP: (1096.86, 309.143, 7306.57)]
[Throttle: 0.9]
=====================================

=====================================
[Aircraft ID:2] [Time:2.00382s]
[MyPos: (4146.89, -2.37684, 7002.47)]
[EnemyPos: (2780.58, -88.2502, 7015.62)]
[Distance: 1369.07m]
[AspectAngle: 3.33601]
[AngleOff: 171.511]
[LOS: 5.76287]
[BFM Mode: OBFM]
[MySpeed: 317.049m/s]
[TargetSpeed: 305.011m/s]
[VP: (2962.72, -79.0773, 7000.42)]
[Throttle: 0.9]
=====================================

=====================================
[Aircraft ID:2] [Time:3.00573s]
[MyPos: (3196.26, -38.6046, 6900.81)]
[EnemyPos: (3699.06, -30.554, 6903.43)]
[Distance: 502.871m]
[AspectAngle: 179.231]
[AngleOff: 158.045]
[LOS: 163.571]
[BFM Mode: SCISSORS]
[MySpeed: 324.457m/s]
[TargetSpeed: 315.918m/s]
[VP: (3200.73, 101.864, 6900.81)]
[Throttle: 0.8]
=====================================

=====================================
[Aircraft ID:2] [Time:4.00764s]
[MyPos: (2268.9, -239.87, 6657.08)]
[EnemyPos: (4595.99, 127.775, 6607.89)]
[Distance: 2356.46m]
[AspectAngle: 177.433]
[AngleOff: 143.106]
[LOS: 161.879]
[BFM Mode: SCISSORS]
[MySpeed: 333.254m/s]
[TargetSpeed: 327.184m/s]
[VP: (2036.64, -915.87, 6561.78)]
[Throttle: 0.6]
=====================================

=====================================
[Aircraft ID:2] [Time:5.00955s]
[MyPos: (1380.43, -441.136, 6223.54)]
[EnemyPos: (5456.54, 264.635, 6129.4)]
[Distance: 4137.83m]
[AspectAngle: 165.133]
[AngleOff: 87.1814]
[LOS: 133.289]
[BFM Mode: HABFM]
[MySpeed: 343.543m/s]
[TargetSpeed: 340.456m/s]
[VP: (5074.36, 1179.41, 6223.54)]
[Throttle: 0.85]
=====================================

=====================================
[Aircraft ID:2] [Time:6.01146s]
[MyPos: (780.795, -435.769, 5382.11)]
[EnemyPos: (6017.7, 168.028, 5279)]
[Distance: 5272.6m]
[AspectAngle: 135.201]
[AngleOff: 36.686]
[LOS: 101.38]
[BFM Mode: HABFM]
[MySpeed: 355.941m/s]
[TargetSpeed: 353.832m/s]
[VP: (5574.48, 1361.39, 5382.11)]
[Throttle: 0.85]
=====================================

=====================================
[Aircraft ID:2] [Time:7.01337s]
[MyPos: (719.478, -187.541, 4341.33)]
[EnemyPos: (6029.96, -149.972, 4262.13)]
[Distance: 5311.2m]
[AspectAngle: 28.9785]
[AngleOff: 61.3957]
[LOS: 68.9077]
[BFM Mode: HABFM]
[MySpeed: 369.059m/s]
[TargetSpeed: 366.899m/s]
[VP: (5649.35, 1082.13, 4341.33)]
[Throttle: 0.85]
=====================================

=====================================
[Aircraft ID:2] [Time:8.01528s]
[MyPos: (1280.64, 145.218, 3454.75)]
[EnemyPos: (5421.44, -494.807, 3420.55)]
[Distance: 4190.12m]
[AspectAngle: 28.4756]
[AngleOff: 103.274]
[LOS: 44.7759]
[BFM Mode: HABFM]
[MySpeed: 376.93m/s]
[TargetSpeed: 372.3m/s]
[VP: (1816.57, 918.624, 4199.48)]
[Throttle: 0.8]
=====================================

=====================================
[Aircraft ID:2] [Time:9.0172s]
[MyPos: (2168.68, 194.863, 2737.73)]
[EnemyPos: (4502.53, -486.756, 2760.11)]
[Distance: 2431.46m]
[AspectAngle: 4.28308]
[AngleOff: 115.476]
[LOS: 35.9159]
[BFM Mode: SCISSORS]
[MySpeed: 390.203m/s]
[TargetSpeed: 385.316m/s]
[VP: (2683, 700.299, 2739.42)]
[Throttle: 0.6]
=====================================

=====================================
[Aircraft ID:2] [Time:10.0191s]
[MyPos: (3164.13, 99.5977, 2104.67)]
[EnemyPos: (3503.7, -310.984, 2173.27)]
[Distance: 537.206m]
[AspectAngle: 4.25895]
[AngleOff: 123.739]
[LOS: 50.7267]
[BFM Mode: SCISSORS]
[MySpeed: 400.131m/s]
[TargetSpeed: 394.678m/s]
[VP: (3011.48, -73.5928, 2104.67)]
[Throttle: 0.8]
=====================================

=====================================
[Aircraft ID:2] [Time:11.021s]
[MyPos: (4092.76, -327.085, 1510.61)]
[EnemyPos: (2646.95, 142.534, 1512.3)]
[Distance: 1520.17m]
[AspectAngle: 170.19]
[AngleOff: 110.804]
[LOS: 144.721]
[BFM Mode: SCISSORS]
[MySpeed: 400.234m/s]
[TargetSpeed: 400.543m/s]
[VP: (4187.31, -920.534, 1427.76)]
[Throttle: 0.6]
=====================================

=====================================
[Aircraft ID:2] [Time:12.0229s]
[MyPos: (4879.74, -905.388, 777.119)]
[EnemyPos: (1971.19, 714.129, 663.894)]
[Distance: 3330.96m]
[AspectAngle: 160.67]
[AngleOff: 64.3631]
[LOS: 121.907]
[BFM Mode: DBFM]
[MySpeed: 415.205m/s]
[TargetSpeed: 416.336m/s]
[VP: (5050.35, -579.209, 1000)]
[Throttle: 1]
=====================================

=====================================
[Aircraft ID:2] [Time:1.00191s]
[MyPos: (5081.45, -17.1363, 7024.15)]
[EnemyPos: (1884.93, -45.3135, 7075.67)]
[Distance: 3197.06m]
[AspectAngle: 1.48247]
[AngleOff: 176.319]
[LOS: 0.954635]
[BFM Mode: OBFM]
[MySpeed: 308.355m/s]
[TargetSpeed: 298.169m/s]
[VP: (1096.86, 309.143, 7306.57)]
[Throttle: 0.9]
=====================================

=====================================
[Aircraft ID:2] [Time:2.00382s]
[MyPos: (4146.89, -2.37684, 7002.47)]
[EnemyPos: (2780.58, -88.2502, 7015.62)]
[Distance: 1369.07m]
[AspectAngle: 3.33601]
[AngleOff: 171.511]
[LOS: 5.76287]
[BFM Mode: OBFM]
[MySpeed: 317.049m/s]
[TargetSpeed: 305.011m/s]
[VP: (2962.72, -79.0773, 7000.42)]
[Throttle: 0.9]
=====================================

=====================================
[Aircraft ID:2] [Time:3.00573s]
[MyPos: (3196.26, -38.6046, 6900.81)]
[EnemyPos: (3699.06, -30.554, 6903.43)]
[Distance: 502.871m]
[AspectAngle: 179.231]
[AngleOff: 158.045]
[LOS: 163.571]
[BFM Mode: SCISSORS]
[MySpeed: 324.457m/s]
[TargetSpeed: 315.918m/s]
[VP: (3200.73, 101.864, 6900.81)]
[Throttle: 0.8]
=====================================

=====================================
[Aircraft ID:2] [Time:4.00764s]
[MyPos: (2268.9, -239.87, 6657.08)]
[EnemyPos: (4595.99, 127.775, 6607.89)]
[Distance: 2356.46m]
[AspectAngle: 177.433]
[AngleOff: 143.106]
[LOS: 161.879]
[BFM Mode: SCISSORS]
[MySpeed: 333.254m/s]
[TargetSpeed: 327.184m/s]
[VP: (2036.64, -915.87, 6561.78)]
[Throttle: 0.6]
=====================================

=====================================
[Aircraft ID:2] [Time:5.00955s]
[MyPos: (1380.43, -441.136, 6223.54)]
[EnemyPos: (5456.54, 264.635, 6129.4)]
[Distance: 4137.83m]
[AspectAngle: 165.133]
[AngleOff: 87.1814]
[LOS: 133.289]
[BFM Mode: HABFM]
[MySpeed: 343.543m/s]
[TargetSpeed: 340.456m/s]
[VP: (5074.36, 1179.41, 6223.54)]
[Throttle: 0.85]
=====================================

=====================================
[Aircraft ID:2] [Time:6.01146s]
[MyPos: (780.795, -435.769, 5382.11)]
[EnemyPos: (6017.7, 168.028, 5279)]
[Distance: 5272.6m]
[AspectAngle: 135.201]
[AngleOff: 36.686]
[LOS: 101.38]
[BFM Mode: HABFM]
[MySpeed: 355.941m/s]
[TargetSpeed: 353.832m/s]
[VP: (5574.48, 1361.39, 5382.11)]
[Throttle: 0.85]
=====================================

=====================================
[Aircraft ID:2] [Time:7.01337s]
[MyPos: (719.478, -187.541, 4341.33)]
[EnemyPos: (6029.96, -149.972, 4262.13)]
[Distance: 5311.2m]
[AspectAngle: 28.9785]
[AngleOff: 61.3957]
[LOS: 68.9077]
[BFM Mode: HABFM]
[MySpeed: 369.059m/s]
[TargetSpeed: 366.899m/s]
[VP: (5649.35, 1082.13, 4341.33)]
[Throttle: 0.85]
=====================================

=====================================
[Aircraft ID:2] [Time:8.01528s]
[MyPos: (1280.64, 145.218, 3454.75)]
[EnemyPos: (5421.44, -494.807, 3420.55)]
[Distance: 4190.12m]
[AspectAngle: 28.4756]
[AngleOff: 103.274]
[LOS: 44.7759]
[BFM Mode: HABFM]
[MySpeed: 376.93m/s]
[TargetSpeed: 372.3m/s]
[VP: (1816.57, 918.624, 4199.48)]
[Throttle: 0.8]
=====================================

=====================================
[Aircraft ID:2] [Time:9.0172s]
[MyPos: (2168.68, 194.863, 2737.73)]
[EnemyPos: (4502.53, -486.756, 2760.11)]
[Distance: 2431.46m]
[AspectAngle: 4.28308]
[AngleOff: 115.476]
[LOS: 35.9159]
[BFM Mode: SCISSORS]
[MySpeed: 390.203m/s]
[TargetSpeed: 385.316m/s]
[VP: (2683, 700.299, 2739.42)]
[Throttle: 0.6]
=====================================

=====================================
[Aircraft ID:2] [Time:10.0191s]
[MyPos: (3164.13, 99.5977, 2104.67)]
[EnemyPos: (3503.7, -310.984, 2173.27)]
[Distance: 537.206m]
[AspectAngle: 4.25895]
[AngleOff: 123.739]
[LOS: 50.7267]
[BFM Mode: SCISSORS]
[MySpeed: 400.131m/s]
[TargetSpeed: 394.678m/s]
[VP: (3011.48, -73.5928, 2104.67)]
[Throttle: 0.8]
=====================================

=====================================
[Aircraft ID:2] [Time:11.021s]
[MyPos: (4092.76, -327.085, 1510.61)]
[EnemyPos: (2646.95, 142.534, 1512.3)]
[Distance: 1520.17m]
[AspectAngle: 170.19]
[AngleOff: 110.804]
[LOS: 144.721]
[BFM Mode: SCISSORS]
[MySpeed: 400.234m/s]
[TargetSpeed: 400.543m/s]
[VP: (4187.31, -920.534, 1427.76)]
[Throttle: 0.6]
=====================================

=====================================
[Aircraft ID:2] [Time:12.0229s]
[MyPos: (4883.96, -906.73, 787.945)]
[EnemyPos: (1964.43, 715.47, 674.231)]
[Distance: 3341.88m]
[AspectAngle: 168.599]
[AngleOff: 80.2677]
[LOS: 130.442]
[BFM Mode: DBFM]
[MySpeed: 414.073m/s]
[TargetSpeed: 415.565m/s]
[VP: (5023.8, -579.339, 787.945)]
[Throttle: 0.7]
=====================================

